<?xml version="1.0" encoding="UTF-8"?>
<testsuite xmlns:xsi="http://www.w3.org/2001/XMLSchema-instance" xsi:noNamespaceSchemaLocation="https://maven.apache.org/surefire/maven-surefire-plugin/xsd/surefire-test-report.xsd" name="com.orangeHRM.e2eTests.TestRunner" time="15.031" tests="6" errors="0" skipped="0" failures="0">
  <properties>
[...]
</properties>
  <testcase name="Given Je me connecte à l&apos;application OrangeHRM" classname="Scenario: Authentification - OrangeHRM" time="0.001"/>
  <testcase name="When Je saisi Username &quot;Admin&quot;" classname="Scenario: Authentification - OrangeHRM" time="0"/>
  <testcase name="And Je saisi Password &quot;admin123&quot;" classname="Scenario: Authentification - OrangeHRM" time="0"/>
  <testcase name="And Je click sur le bouton Login" classname="Scenario: Authentification - OrangeHRM" time="0"/>
  <testcase name="Then Redirection vers le compte admin &quot;Welcome&quot;" classname="Scenario: Authentification - OrangeHRM" time="0"/>
  <testcase name="Scenario: Authentification - OrangeHRM" classname="Scenario: Authentification - OrangeHRM" time="1.345"/>
</testsuite>